<?xml version="1.0" encoding="UTF-8"?>
<testsuite name="PasswordCheckerTest" tests="3" skipped="0" failures="0" errors="0" timestamp="2020-01-15T13:36:34" hostname="recruit-Lenovo-Product" time="0.393">
  <properties/>
  <testcase name="hasSpecial()" classname="PasswordCheckerTest" time="0.382"/>
  <testcase name="passwordIsValid()" classname="PasswordCheckerTest" time="0.001"/>
  <testcase name="passwordIsOk()" classname="PasswordCheckerTest" time="0.002"/>
  <system-out><![CDATA[]]></system-out>
  <system-err><![CDATA[]]></system-err>
</testsuite>
