<?xml version="1.0" encoding="UTF-8"?>
<testsuite name="PasswordCheckerTest" tests="3" skipped="0" failures="0" errors="0" timestamp="2020-03-12T08:39:59" hostname="recruit-Lenovo-Product" time="0.463">
  <properties/>
  <testcase name="hasSpecial()" classname="PasswordCheckerTest" time="0.457"/>
  <testcase name="passwordIsValid()" classname="PasswordCheckerTest" time="0.001"/>
  <testcase name="passwordIsOk()" classname="PasswordCheckerTest" time="0.001"/>
  <system-out><![CDATA[]]></system-out>
  <system-err><![CDATA[]]></system-err>
</testsuite>
